<?xml version="1.0" encoding="UTF-8"?>
<!-- Generated by org.testng.reporters.JUnitReportReporter -->
<testsuite hostname="DESKTOP-Q7GGFVF" failures="0" tests="3" name="com.sgtesting.product1.Product1" time="0.200" errors="0" timestamp="2023-04-11T15:56:44 IST" skipped="0">
  <testcase classname="com.sgtesting.product1.Product1" name="CreateProduct" time="0.034"/>
  <system-out/>
  <testcase classname="com.sgtesting.product1.Product1" name="deleteproduct" time="0.031"/>
  <system-out/>
  <testcase classname="com.sgtesting.product1.Product1" name="ModifyProduct" time="0.135"/>
  <system-out/>
</testsuite> <!-- com.sgtesting.product1.Product1 -->
