<?xml version="1.0" encoding="UTF-8"?>
<!-- Generated by org.testng.reporters.JUnitReportReporter -->
<testsuite hostname="DESKTOP-Q7GGFVF" failures="0" tests="3" name="com.sgtesting.users.Users" time="0.044" errors="0" timestamp="2023-03-28T21:37:03 IST" skipped="0">
  <testcase classname="com.sgtesting.users.Users" name="createuser" time="0.028"/>
  <system-out/>
  <testcase classname="com.sgtesting.users.Users" name="modifyeuser" time="0.009"/>
  <system-out/>
  <testcase classname="com.sgtesting.users.Users" name="deleteUser" time="0.007"/>
  <system-out/>
</testsuite> <!-- com.sgtesting.users.Users -->
