<?xml version="1.0" encoding="UTF-8"?>
<!-- Generated by org.testng.reporters.JUnitReportReporter -->
<testsuite hostname="DESKTOP-Q7GGFVF" failures="0" tests="3" name="com.sgtesting.Users1.Users1" time="0.034" errors="0" timestamp="2023-03-28T21:47:42 IST" skipped="0">
  <testcase classname="com.sgtesting.Users1.Users1" name="deleteUser" time="0.009"/>
  <system-out/>
  <testcase classname="com.sgtesting.Users1.Users1" name="ModifyUser" time="0.008"/>
  <system-out/>
  <testcase classname="com.sgtesting.Users1.Users1" name="CreateUser" time="0.017"/>
  <system-out/>
</testsuite> <!-- com.sgtesting.Users1.Users1 -->
