<?xml version="1.0" encoding="UTF-8"?>
<!-- Generated by org.testng.reporters.JUnitReportReporter -->
<testsuite hostname="DESKTOP-Q7GGFVF" failures="0" tests="3" name="com.sgtesting.products.Products" time="0.038" errors="0" timestamp="2023-03-27T10:17:53 IST" skipped="0">
  <testcase classname="com.sgtesting.products.Products" name="creatproducts" time="0.018"/>
  <system-out/>
  <testcase classname="com.sgtesting.products.Products" name="modifyeproduct" time="0.008"/>
  <system-out/>
  <testcase classname="com.sgtesting.products.Products" name="deleteUser" time="0.012"/>
  <system-out/>
</testsuite> <!-- com.sgtesting.products.Products -->
